# JRE version: Java(TM) SE Runtime Environment 18.9 (11.0.15.1+2) (build 11.0.15.1+2-LTS-10)
# Java VM: Java HotSpot(TM) 64-Bit Server VM 18.9 (11.0.15.1+2-LTS-10, mixed mode, tiered, compressed oops, g1 gc, bsd-amd64)
Heap:
 garbage-first heap   total 99328K, used 59205K [0x0000000780000000, 0x0000000800000000)
  region size 1024K, 31 young (31744K), 0 survivors (0K)
 Metaspace       used 79498K, capacity 81510K, committed 82508K, reserved 1120256K
  class space    used 10486K, capacity 11275K, committed 11596K, reserved 1048576K
GC Heap History (10 events):
Event: 49088.211 GC heap before
{Heap before GC invocations=120 (full 1):
 garbage-first heap   total 109568K, used 92663K [0x0000000780000000, 0x0000000800000000)
  region size 1024K, 53 young (54272K), 1 survivors (1024K)
 Metaspace       used 79894K, capacity 82126K, committed 82508K, reserved 1120256K
  class space    used 10592K, capacity 11465K, committed 11596K, reserved 1048576K
}
Event: 49088.215 GC heap after
{Heap after GC invocations=121 (full 1):
 garbage-first heap   total 109568K, used 39248K [0x0000000780000000, 0x0000000800000000)
  region size 1024K, 1 young (1024K), 1 survivors (1024K)
 Metaspace       used 79894K, capacity 82126K, committed 82508K, reserved 1120256K
  class space    used 10592K, capacity 11465K, committed 11596K, reserved 1048576K
}
Event: 49589.494 GC heap before
{Heap before GC invocations=121 (full 1):
 garbage-first heap   total 109568K, used 92496K [0x0000000780000000, 0x0000000800000000)
  region size 1024K, 53 young (54272K), 1 survivors (1024K)
 Metaspace       used 79894K, capacity 82126K, committed 82508K, reserved 1120256K
  class space    used 10592K, capacity 11465K, committed 11596K, reserved 1048576K
}
Event: 49589.496 GC heap after
{Heap after GC invocations=122 (full 1):
 garbage-first heap   total 109568K, used 39238K [0x0000000780000000, 0x0000000800000000)
  region size 1024K, 1 young (1024K), 1 survivors (1024K)
 Metaspace       used 79894K, capacity 82126K, committed 82508K, reserved 1120256K
  class space    used 10592K, capacity 11465K, committed 11596K, reserved 1048576K
}
Event: 50076.313 GC heap before
{Heap before GC invocations=122 (full 1):
 garbage-first heap   total 109568K, used 92486K [0x0000000780000000, 0x0000000800000000)
  region size 1024K, 53 young (54272K), 1 survivors (1024K)
 Metaspace       used 79894K, capacity 82126K, committed 82508K, reserved 1120256K
  class space    used 10592K, capacity 11465K, committed 11596K, reserved 1048576K
}
Event: 50076.315 GC heap after
{Heap after GC invocations=123 (full 1):
 garbage-first heap   total 109568K, used 39434K [0x0000000780000000, 0x0000000800000000)
  region size 1024K, 1 young (1024K), 1 survivors (1024K)
 Metaspace       used 79894K, capacity 82126K, committed 82508K, reserved 1120256K
  class space    used 10592K, capacity 11465K, committed 11596K, reserved 1048576K
}
Event: 50583.065 GC heap before
{Heap before GC invocations=123 (full 1):
 garbage-first heap   total 109568K, used 92682K [0x0000000780000000, 0x0000000800000000)
  region size 1024K, 53 young (54272K), 1 survivors (1024K)
 Metaspace       used 79894K, capacity 82126K, committed 82508K, reserved 1120256K
  class space    used 10592K, capacity 11465K, committed 11596K, reserved 1048576K
}
Event: 50583.069 GC heap after
{Heap after GC invocations=124 (full 1):
 garbage-first heap   total 109568K, used 39255K [0x0000000780000000, 0x0000000800000000)
  region size 1024K, 1 young (1024K), 1 survivors (1024K)
 Metaspace       used 79894K, capacity 82126K, committed 82508K, reserved 1120256K
  class space    used 10592K, capacity 11465K, committed 11596K, reserved 1048576K
}
Event: 51047.295 GC heap before
{Heap before GC invocations=124 (full 1):
 garbage-first heap   total 109568K, used 89431K [0x0000000780000000, 0x0000000800000000)
  region size 1024K, 51 young (52224K), 1 survivors (1024K)
 Metaspace       used 79935K, capacity 82197K, committed 82508K, reserved 1120256K
  class space    used 10593K, capacity 11467K, committed 11596K, reserved 1048576K
}
Event: 51047.554 GC heap after
{Heap after GC invocations=125 (full 2):
 garbage-first heap   total 99328K, used 28485K [0x0000000780000000, 0x0000000800000000)
  region size 1024K, 0 young (0K), 0 survivors (0K)
 Metaspace       used 79335K, capacity 81264K, committed 82508K, reserved 1120256K
  class space    used 10460K, capacity 11211K, committed 11596K, reserved 1048576K
}

